<?xml version="1.0" encoding="UTF-8"?>
<!-- Generated by org.testng.reporters.JUnitReportReporter -->
<testsuite hostname="LTIN179252" failures="0" tests="3" name="testRunner.TestNGRunner" time="78.233" errors="0" timestamp="2024-02-28T09:50:02 IST" skipped="0">
  <testcase classname="testRunner.TestNGRunner" name="runScenario" time="51.405"/>
  <system-out/>
  <testcase classname="testRunner.TestNGRunner" name="runScenario" time="7.333"/>
  <system-out/>
  <testcase classname="testRunner.TestNGRunner" name="runScenario" time="19.495"/>
  <system-out/>
</testsuite> <!-- testRunner.TestNGRunner -->
